<?xml version="1.0" encoding="UTF-8"?>
<testsuite name="SILab2Test" tests="2" skipped="0" failures="0" errors="0" timestamp="2020-06-13T02:12:42" hostname="DESKTOP-NM5DNSO" time="0.016">
  <properties/>
  <testcase name="EveryBranch()" classname="SILab2Test" time="0.014"/>
  <testcase name="MultipleCondition()" classname="SILab2Test" time="0.001"/>
  <system-out><![CDATA[]]></system-out>
  <system-err><![CDATA[]]></system-err>
</testsuite>
